
build/bare_metal_firmware_template.elf:     file format elf32-littlearm


Disassembly of section .isr_vector:

08000000 <__isr_vector>:
 8000000:	20004000 	andcs	r4, r0, r0
 8000004:	08000014 	stmdaeq	r0, {r2, r4}
 8000008:	08000044 	stmdaeq	r0, {r2, r6}
 800000c:	08000046 	stmdaeq	r0, {r1, r2, r6}
 8000010:	08000048 	stmdaeq	r0, {r3, r6}

08000014 <Reset_Handler>:
 8000014:	480d      	ldr	r0, [pc, #52]	; (800004c <SysTick_Handler+0x4>)
 8000016:	4685      	mov	sp, r0
 8000018:	480d      	ldr	r0, [pc, #52]	; (8000050 <SysTick_Handler+0x8>)
 800001a:	490e      	ldr	r1, [pc, #56]	; (8000054 <SysTick_Handler+0xc>)
 800001c:	4a0e      	ldr	r2, [pc, #56]	; (8000058 <SysTick_Handler+0x10>)

0800001e <copy_data>:
 800001e:	4291      	cmp	r1, r2
 8000020:	da04      	bge.n	800002c <zero_bss>
 8000022:	6803      	ldr	r3, [r0, #0]
 8000024:	3004      	adds	r0, #4
 8000026:	600b      	str	r3, [r1, #0]
 8000028:	3104      	adds	r1, #4
 800002a:	e7f8      	b.n	800001e <copy_data>

0800002c <zero_bss>:
 800002c:	480b      	ldr	r0, [pc, #44]	; (800005c <SysTick_Handler+0x14>)
 800002e:	490c      	ldr	r1, [pc, #48]	; (8000060 <SysTick_Handler+0x18>)

08000030 <zero_loop>:
 8000030:	4288      	cmp	r0, r1
 8000032:	da03      	bge.n	800003c <call_main>
 8000034:	2200      	movs	r2, #0
 8000036:	6002      	str	r2, [r0, #0]
 8000038:	3004      	adds	r0, #4
 800003a:	e7f9      	b.n	8000030 <zero_loop>

0800003c <call_main>:
 800003c:	f000 f812 	bl	8000064 <main>
 8000040:	e7fe      	b.n	8000040 <call_main+0x4>

08000042 <Default_Handler>:
 8000042:	e7fe      	b.n	8000042 <Default_Handler>

08000044 <NMI_Handler>:
 8000044:	e7fd      	b.n	8000042 <Default_Handler>

08000046 <MemManage_Handler>:
 8000046:	e7fc      	b.n	8000042 <Default_Handler>

08000048 <SysTick_Handler>:
 8000048:	e7fb      	b.n	8000042 <Default_Handler>
 800004a:	40000000 	andmi	r0, r0, r0
 800004e:	00002000 	andeq	r2, r0, r0
 8000052:	00002000 	andeq	r2, r0, r0
 8000056:	00002000 	andeq	r2, r0, r0
 800005a:	00002000 	andeq	r2, r0, r0
 800005e:	00002000 	andeq	r2, r0, r0
 8000062:	Address 0x0000000008000062 is out of bounds.


Disassembly of section .text:

08000064 <main>:
 8000064:	b480      	push	{r7}
 8000066:	af00      	add	r7, sp, #0
 8000068:	e7fe      	b.n	8000068 <main+0x4>

Disassembly of section .heap:

20000000 <_sheap>:
	...

Disassembly of section .stack:

20001000 <_sstack>:
	...

Disassembly of section .comment:

00000000 <.comment>:
   0:	3a434347 	bcc	10d0d24 <__isr_vector-0x6f2f2dc>
   4:	35312820 	ldrcc	r2, [r1, #-2080]!	; 0xfffff7e0
   8:	2e30313a 	mrccs	1, 1, r3, cr0, cr10, {1}
   c:	30322d33 	eorscc	r2, r2, r3, lsr sp
  10:	302e3132 	eorcc	r3, lr, r2, lsr r1
  14:	29342d37 	ldmdbcs	r4!, {r0, r1, r2, r4, r5, r8, sl, fp, sp}
  18:	2e303120 	rsfcssp	f3, f0, f0
  1c:	20312e33 	eorscs	r2, r1, r3, lsr lr
  20:	31323032 	teqcc	r2, r2, lsr r0
  24:	31323630 	teqcc	r2, r0, lsr r6
  28:	65722820 	ldrbvs	r2, [r2, #-2080]!	; 0xfffff7e0
  2c:	7361656c 	cmnvc	r1, #108, 10	; 0x1b000000
  30:	Address 0x0000000000000030 is out of bounds.


Disassembly of section .ARM.attributes:

00000000 <.ARM.attributes>:
   0:	00002a41 	andeq	r2, r0, r1, asr #20
   4:	61656100 	cmnvs	r5, r0, lsl #2
   8:	01006962 	tsteq	r0, r2, ror #18
   c:	00000020 	andeq	r0, r0, r0, lsr #32
  10:	4d2d3705 	stcmi	7, cr3, [sp, #-20]!	; 0xffffffec
  14:	070a0600 	streq	r0, [sl, -r0, lsl #12]
  18:	1202094d 	andne	r0, r2, #1261568	; 0x134000
  1c:	15011404 	strne	r1, [r1, #-1028]	; 0xfffffbfc
  20:	18031701 	stmdane	r3, {r0, r8, r9, sl, ip}
  24:	1e011a01 	vmlane.f32	s2, s2, s2
  28:	Address 0x0000000000000028 is out of bounds.

